<?xml version="1.0" encoding="UTF-8"?>
<!-- Generated by org.testng.reporters.JUnitReportReporter -->
<testsuite hostname="DESKTOP-TCLPQKU" failures="0" tests="3" name="com.comcast.crm.orgTest.CreateOrganizationTest" time="51.690" errors="0" timestamp="2024-07-11T10:53:42 IST" skipped="0">
  <testcase classname="com.comcast.crm.orgTest.CreateOrganizationTest" name="createOrgTest" time="16.793"/>
  <testcase classname="com.comcast.crm.orgTest.CreateOrganizationTest" name="createOrgwithmobilenumberTest" time="15.461"/>
  <testcase classname="com.comcast.crm.orgTest.CreateOrganizationTest" name="createOrganizationwithindustriesTest" time="19.436"/>
</testsuite> <!-- com.comcast.crm.orgTest.CreateOrganizationTest -->
