<?xml version="1.0" encoding="UTF-8"?>
<!-- Generated by org.testng.reporters.JUnitReportReporter -->
<testsuite hostname="DESKTOP-TCLPQKU" failures="0" tests="3" name="com.comcast.crm.contactTest.CreateContactTest" time="60.123" errors="0" timestamp="2024-07-10T09:38:01 IST" skipped="0">
  <testcase classname="com.comcast.crm.contactTest.CreateContactTest" name="createContactWithOrgTest" time="28.543"/>
  <system-out/>
  <testcase classname="com.comcast.crm.contactTest.CreateContactTest" name="createContactWithSupportDateTest" time="14.461"/>
  <system-out/>
  <testcase classname="com.comcast.crm.contactTest.CreateContactTest" name="createContactTest" time="17.119"/>
  <system-out/>
</testsuite> <!-- com.comcast.crm.contactTest.CreateContactTest -->
