<?xml version="1.0" encoding="UTF-8"?>
<!-- Generated by org.testng.reporters.JUnitReportReporter -->
<testsuite hostname="DESKTOP-TCLPQKU" failures="0" tests="3" name="com.comcast.crm.orgTest.CreateOrganization_Listener_Test" time="49.783" errors="0" timestamp="2024-07-11T11:12:19 IST" skipped="0">
  <testcase classname="com.comcast.crm.orgTest.CreateOrganization_Listener_Test" name="createOrgTest" time="15.705"/>
  <testcase classname="com.comcast.crm.orgTest.CreateOrganization_Listener_Test" name="createOrganizationwithindustriesTest" time="16.774"/>
  <testcase classname="com.comcast.crm.orgTest.CreateOrganization_Listener_Test" name="createOrgwithmobilenumberTest" time="17.304"/>
</testsuite> <!-- com.comcast.crm.orgTest.CreateOrganization_Listener_Test -->
