<?xml version="1.0" encoding="UTF-8"?>
<!-- Generated by org.testng.reporters.JUnitXMLReporter -->
<testsuite ignored="0" hostname="DESKTOP-TCLPQKU" failures="0" tests="3" name="Test-2" time="66.228" errors="0" timestamp="2024-07-09T16:31:35 IST">
  <testcase classname="com.comcast.crm.orgTest.CreateOrganizationTest" name="createOrgTest" time="10.3"/>
  <testcase classname="com.comcast.crm.orgTest.CreateOrganizationTest" name="createOrganizationwithindustriesTest" time="13.745"/>
  <testcase classname="com.comcast.crm.orgTest.CreateOrganizationTest" name="createOrgwithmobilenumberTest" time="8.357"/>
</testsuite> <!-- Test-2 -->
