<?xml version="1.0" encoding="UTF-8"?>
<!-- Generated by org.testng.reporters.JUnitXMLReporter -->
<testsuite ignored="2" hostname="DESKTOP-TCLPQKU" failures="0" tests="6" name="Test-Runner_Chrome" time="146.291" errors="0" timestamp="2024-07-09T16:59:18 IST">
  <testcase classname="com.comcast.crm.contactTest.CreateContactTest" name="createContactTest" time="17.007"/>
  <testcase classname="com.comcast.crm.contactTest.CreateContactTest" name="createContactWithOrgTest" time="26.913"/>
  <testcase classname="com.comcast.crm.contactTest.CreateContactTest" name="createContactWithSupportDateTest" time="11.642"/>
  <testcase classname="com.comcast.crm.orgTest.CreateOrganizationTest" name="createOrgTest" time="12.571"/>
  <testcase classname="com.comcast.crm.orgTest.CreateOrganizationTest" name="createOrganizationwithindustriesTest" time="12.771"/>
  <testcase classname="com.comcast.crm.orgTest.CreateOrganizationTest" name="createOrgwithmobilenumberTest" time="10.565"/>
  <testcase classname="com.comcast.crm.Baseclassutility.BaseClassTest" name="@BeforeSuite BS" time="0.0">
    <ignored/>
  </testcase> <!-- @BeforeSuite BS -->
  <testcase classname="com.comcast.crm.Baseclassutility.BaseClassTest" name="@AfterSuite AS" time="0.0">
    <ignored/>
  </testcase> <!-- @AfterSuite AS -->
</testsuite> <!-- Test-Runner_Chrome -->
